d:\workspace\visual_studio_workspace\net\client\x64\debug\vc143.pdb
d:\workspace\visual_studio_workspace\net\client\x64\debug\vc143.idb
d:\workspace\visual_studio_workspace\net\client\x64\debug\net_h.obj
d:\workspace\visual_studio_workspace\net\client\x64\debug\net.obj
d:\workspace\visual_studio_workspace\net\client\x64\debug\main.obj
d:\workspace\visual_studio_workspace\net\client\x64\debug\lib.obj
d:\workspace\visual_studio_workspace\net\client\x64\debug\logger.obj
d:\workspace\visual_studio_workspace\net\client\x64\debug\utils.obj
d:\workspace\visual_studio_workspace\net\client\x64\debug\binary_little_endian.obj
d:\workspace\visual_studio_workspace\net\client\x64\debug\ibtp_node.obj
d:\workspace\visual_studio_workspace\net\client\x64\debug\ibtp_h.obj
d:\workspace\visual_studio_workspace\net\client\x64\debug\ibtp.obj
d:\workspace\visual_studio_workspace\net\client\x64\debug\mem_dump.obj
d:\workspace\visual_studio_workspace\net\client\x64\debug\btree_interface_test.obj
d:\workspace\visual_studio_workspace\net\client\x64\debug\map.obj
d:\workspace\visual_studio_workspace\net\client\x64\debug\dynamic_array.obj
d:\workspace\visual_studio_workspace\net\client\x64\debug\free_list.obj
d:\workspace\visual_studio_workspace\net\client\x64\debug\btree_realization_file_mapping.obj
d:\workspace\visual_studio_workspace\net\client\x64\debug\ibtp_tree.obj
d:\workspace\visual_studio_workspace\net\client\x64\debug\client.ilk
d:\workspace\visual_studio_workspace\net\x64\debug\client.exe
d:\workspace\visual_studio_workspace\net\x64\debug\client.pdb
d:\workspace\visual_studio_workspace\net\client\x64\debug\test_map.obj
d:\workspace\visual_studio_workspace\net\client\x64\debug\btree_interface_test.obj.enc
d:\workspace\visual_studio_workspace\net\client\x64\debug\ibtp.obj.enc
d:\workspace\visual_studio_workspace\net\client\x64\debug\ibtp_node.obj.enc
d:\workspace\visual_studio_workspace\net\client\x64\debug\main.obj.enc
d:\workspace\visual_studio_workspace\net\client\x64\debug\client.tlog\cl.command.1.tlog
d:\workspace\visual_studio_workspace\net\client\x64\debug\client.tlog\cl.items.tlog
d:\workspace\visual_studio_workspace\net\client\x64\debug\client.tlog\cl.read.1.tlog
d:\workspace\visual_studio_workspace\net\client\x64\debug\client.tlog\cl.write.1.tlog
d:\workspace\visual_studio_workspace\net\client\x64\debug\client.tlog\link.command.1.tlog
d:\workspace\visual_studio_workspace\net\client\x64\debug\client.tlog\link.read.1.tlog
d:\workspace\visual_studio_workspace\net\client\x64\debug\client.tlog\link.write.1.tlog
