"TRC" tm(16:33:14) D:\workspace\Visual_Studio_workspace\Net\Sub.IBTP\src\ibtp_tree.c:fn(Insert):459 | "Creating database..."
"TRC" tm(16:33:14) D:\workspace\Visual_Studio_workspace\Net\Sub.IBTP\src\ibtp_tree.c:fn(Insert):459 | "Creating database..."
"TRC" tm(16:33:14) D:\workspace\Visual_Studio_workspace\Net\Sub.IBTP\src\ibtp_tree.c:fn(Insert):459 | "Creating database..."
"TRC" tm(16:50:23) D:\workspace\Visual_Studio_workspace\Net\Sub.IBTP\src\ibtp_tree.c:fn(Insert):437 | "Creating database..."
"TRC" tm(16:50:58) D:\workspace\Visual_Studio_workspace\Net\Sub.IBTP\src\ibtp_tree.c:fn(Insert):438 | "Creating database..."
"TRC" tm(16:53:21) D:\workspace\Visual_Studio_workspace\Net\Sub.IBTP\src\ibtp_tree.c:fn(Insert):440 | "Creating database..."
"TRC" tm(17:05:15) D:\workspace\Visual_Studio_workspace\Net\Sub.IBTP\src\ibtp_tree.c:fn(Insert):440 | "Creating database..."
"TRC" tm(17:07:08) D:\workspace\Visual_Studio_workspace\Net\Sub.IBTP\src\ibtp_tree.c:fn(Insert):441 | "Creating database..."
"TRC" tm(17:11:46) D:\workspace\Visual_Studio_workspace\Net\Sub.IBTP\src\ibtp_tree.c:fn(Insert):442 | "Creating database..."
"TRC" tm(17:12:35) D:\workspace\Visual_Studio_workspace\Net\Sub.IBTP\src\ibtp_tree.c:fn(Insert):442 | "Creating database..."
"TRC" tm(17:13:00) D:\workspace\Visual_Studio_workspace\Net\Sub.IBTP\src\ibtp_tree.c:fn(Insert):442 | "Creating database..."
"TRC" tm(18:30:16) D:\workspace\Visual_Studio_workspace\Net\Sub.IBTP\src\ibtp_tree.c:fn(Insert):433 | "Creating database..."
"TRC" tm(18:30:16) D:\workspace\Visual_Studio_workspace\Net\Sub.IBTP\src\ibtp_tree.c:fn(ibtp_tree_insert):93 | "IK:{100;NBF0Q...}"
"TRC" tm(18:30:16) D:\workspace\Visual_Studio_workspace\Net\Sub.IBTP\src\ibtp_tree.c:fn(Insert):497 | "Updated RN[seq.num.{3};k.c.{3};bytes:{174:4096}]"
"TRC" tm(18:30:16) D:\workspace\Visual_Studio_workspace\Net\Sub.IBTP\src\ibtp_tree.c:fn(ibtp_tree_insert):93 | "IK:{100;CNb19...}"
"TRC" tm(18:30:16) D:\workspace\Visual_Studio_workspace\Net\Sub.IBTP\src\ibtp_tree.c:fn(Insert):497 | "Updated RN[seq.num.{1};k.c.{4};bytes:{288:4096}]"
"TRC" tm(18:30:16) D:\workspace\Visual_Studio_workspace\Net\Sub.IBTP\src\ibtp_tree.c:fn(ibtp_tree_insert):93 | "IK:{100;PbZLh...}"
"TRC" tm(18:30:16) D:\workspace\Visual_Studio_workspace\Net\Sub.IBTP\src\ibtp_tree.c:fn(Insert):497 | "Updated RN[seq.num.{4};k.c.{5};bytes:{402:4096}]"
"TRC" tm(18:30:16) D:\workspace\Visual_Studio_workspace\Net\Sub.IBTP\src\ibtp_tree.c:fn(ibtp_tree_insert):93 | "IK:{100;A8Lzu...}"
"TRC" tm(18:30:16) D:\workspace\Visual_Studio_workspace\Net\Sub.IBTP\src\ibtp_tree.c:fn(Insert):497 | "Updated RN[seq.num.{2};k.c.{6};bytes:{516:4096}]"
"TRC" tm(18:30:16) D:\workspace\Visual_Studio_workspace\Net\Sub.IBTP\src\ibtp_tree.c:fn(ibtp_tree_insert):93 | "IK:{100;2d0ne...}"
"TRC" tm(18:30:16) D:\workspace\Visual_Studio_workspace\Net\Sub.IBTP\src\ibtp_tree.c:fn(Insert):497 | "Updated RN[seq.num.{3};k.c.{7};bytes:{630:4096}]"
"TRC" tm(18:30:16) D:\workspace\Visual_Studio_workspace\Net\Sub.IBTP\src\ibtp_tree.c:fn(ibtp_tree_insert):93 | "IK:{100;1uRYU...}"
"TRC" tm(18:30:16) D:\workspace\Visual_Studio_workspace\Net\Sub.IBTP\src\ibtp_tree.c:fn(Insert):497 | "Updated RN[seq.num.{1};k.c.{8};bytes:{744:4096}]"
"TRC" tm(18:30:16) D:\workspace\Visual_Studio_workspace\Net\Sub.IBTP\src\ibtp_tree.c:fn(ibtp_tree_insert):93 | "IK:{100;3ECL0...}"
"TRC" tm(18:30:16) D:\workspace\Visual_Studio_workspace\Net\Sub.IBTP\src\ibtp_tree.c:fn(Insert):497 | "Updated RN[seq.num.{4};k.c.{9};bytes:{858:4096}]"
"TRC" tm(18:30:16) D:\workspace\Visual_Studio_workspace\Net\Sub.IBTP\src\ibtp_tree.c:fn(ibtp_tree_insert):93 | "IK:{100;gcRXg...}"
"TRC" tm(18:30:16) D:\workspace\Visual_Studio_workspace\Net\Sub.IBTP\src\ibtp_tree.c:fn(Insert):497 | "Updated RN[seq.num.{2};k.c.{10};bytes:{972:4096}]"
"TRC" tm(18:30:16) D:\workspace\Visual_Studio_workspace\Net\Sub.IBTP\src\ibtp_tree.c:fn(ibtp_tree_insert):93 | "IK:{100;GORAS...}"
"TRC" tm(18:30:16) D:\workspace\Visual_Studio_workspace\Net\Sub.IBTP\src\ibtp_tree.c:fn(Insert):497 | "Updated RN[seq.num.{3};k.c.{11};bytes:{1086:4096}]"
"TRC" tm(18:30:16) D:\workspace\Visual_Studio_workspace\Net\Sub.IBTP\src\ibtp_tree.c:fn(ibtp_tree_insert):93 | "IK:{100;jldC4...}"
"TRC" tm(18:30:16) D:\workspace\Visual_Studio_workspace\Net\Sub.IBTP\src\ibtp_tree.c:fn(Insert):497 | "Updated RN[seq.num.{1};k.c.{12};bytes:{1200:4096}]"
"TRC" tm(18:30:16) D:\workspace\Visual_Studio_workspace\Net\Sub.IBTP\src\ibtp_tree.c:fn(ibtp_tree_insert):93 | "IK:{100;4NfrF...}"
"TRC" tm(18:30:16) D:\workspace\Visual_Studio_workspace\Net\Sub.IBTP\src\ibtp_tree.c:fn(Insert):497 | "Updated RN[seq.num.{4};k.c.{13};bytes:{1314:4096}]"
"TRC" tm(18:30:16) D:\workspace\Visual_Studio_workspace\Net\Sub.IBTP\src\ibtp_tree.c:fn(ibtp_tree_insert):93 | "IK:{100;lm4Og...}"
"TRC" tm(18:30:16) D:\workspace\Visual_Studio_workspace\Net\Sub.IBTP\src\ibtp_tree.c:fn(Insert):497 | "Updated RN[seq.num.{2};k.c.{14};bytes:{1428:4096}]"
"TRC" tm(18:30:16) D:\workspace\Visual_Studio_workspace\Net\Sub.IBTP\src\ibtp_tree.c:fn(ibtp_tree_insert):93 | "IK:{100;bihnN...}"
"TRC" tm(18:30:16) D:\workspace\Visual_Studio_workspace\Net\Sub.IBTP\src\ibtp_tree.c:fn(Insert):497 | "Updated RN[seq.num.{3};k.c.{15};bytes:{1542:4096}]"
"TRC" tm(18:30:16) D:\workspace\Visual_Studio_workspace\Net\Sub.IBTP\src\ibtp_tree.c:fn(ibtp_tree_insert):93 | "IK:{100;x7A1L...}"
"TRC" tm(18:30:16) D:\workspace\Visual_Studio_workspace\Net\Sub.IBTP\src\ibtp_tree.c:fn(Insert):497 | "Updated RN[seq.num.{1};k.c.{16};bytes:{1656:4096}]"
"TRC" tm(18:30:16) D:\workspace\Visual_Studio_workspace\Net\Sub.IBTP\src\ibtp_tree.c:fn(ibtp_tree_insert):93 | "IK:{100;uIn3z...}"
"TRC" tm(18:30:16) D:\workspace\Visual_Studio_workspace\Net\Sub.IBTP\src\ibtp_tree.c:fn(Insert):497 | "Updated RN[seq.num.{4};k.c.{17};bytes:{1770:4096}]"
"TRC" tm(18:30:16) D:\workspace\Visual_Studio_workspace\Net\Sub.IBTP\src\ibtp_tree.c:fn(ibtp_tree_insert):93 | "IK:{100;pOIdz...}"
"TRC" tm(18:30:16) D:\workspace\Visual_Studio_workspace\Net\Sub.IBTP\src\ibtp_tree.c:fn(Insert):497 | "Updated RN[seq.num.{2};k.c.{18};bytes:{1884:4096}]"
"TRC" tm(18:30:16) D:\workspace\Visual_Studio_workspace\Net\Sub.IBTP\src\ibtp_tree.c:fn(ibtp_tree_insert):93 | "IK:{100;Hhsrg...}"
"TRC" tm(18:30:16) D:\workspace\Visual_Studio_workspace\Net\Sub.IBTP\src\ibtp_tree.c:fn(Insert):497 | "Updated RN[seq.num.{3};k.c.{19};bytes:{1998:4096}]"
"TRC" tm(18:30:16) D:\workspace\Visual_Studio_workspace\Net\Sub.IBTP\src\ibtp_tree.c:fn(ibtp_tree_insert):93 | "IK:{100;93i8t...}"
"TRC" tm(18:30:16) D:\workspace\Visual_Studio_workspace\Net\Sub.IBTP\src\ibtp_tree.c:fn(Insert):497 | "Updated RN[seq.num.{1};k.c.{20};bytes:{2112:4096}]"
"TRC" tm(18:30:16) D:\workspace\Visual_Studio_workspace\Net\Sub.IBTP\src\ibtp_tree.c:fn(ibtp_tree_insert):93 | "IK:{100;eCmCN...}"
"TRC" tm(18:30:16) D:\workspace\Visual_Studio_workspace\Net\Sub.IBTP\src\ibtp_tree.c:fn(Insert):497 | "Updated RN[seq.num.{4};k.c.{21};bytes:{2226:4096}]"
"TRC" tm(18:30:16) D:\workspace\Visual_Studio_workspace\Net\Sub.IBTP\src\ibtp_tree.c:fn(ibtp_tree_insert):93 | "IK:{100;VB3SC...}"
"TRC" tm(18:30:16) D:\workspace\Visual_Studio_workspace\Net\Sub.IBTP\src\ibtp_tree.c:fn(Insert):497 | "Updated RN[seq.num.{2};k.c.{22};bytes:{2340:4096}]"
"TRC" tm(18:30:16) D:\workspace\Visual_Studio_workspace\Net\Sub.IBTP\src\ibtp_tree.c:fn(ibtp_tree_insert):93 | "IK:{100;hRMg5...}"
"TRC" tm(18:30:16) D:\workspace\Visual_Studio_workspace\Net\Sub.IBTP\src\ibtp_tree.c:fn(Insert):497 | "Updated RN[seq.num.{3};k.c.{23};bytes:{2454:4096}]"
"TRC" tm(18:30:16) D:\workspace\Visual_Studio_workspace\Net\Sub.IBTP\src\ibtp_tree.c:fn(ibtp_tree_insert):93 | "IK:{100;fpctk...}"
"TRC" tm(18:30:16) D:\workspace\Visual_Studio_workspace\Net\Sub.IBTP\src\ibtp_tree.c:fn(Insert):497 | "Updated RN[seq.num.{1};k.c.{24};bytes:{2568:4096}]"
"TRC" tm(18:30:16) D:\workspace\Visual_Studio_workspace\Net\Sub.IBTP\src\ibtp_tree.c:fn(ibtp_tree_insert):93 | "IK:{100;gBjIT...}"
"TRC" tm(18:30:16) D:\workspace\Visual_Studio_workspace\Net\Sub.IBTP\src\ibtp_tree.c:fn(Insert):497 | "Updated RN[seq.num.{4};k.c.{25};bytes:{2682:4096}]"
"TRC" tm(18:30:16) D:\workspace\Visual_Studio_workspace\Net\Sub.IBTP\src\ibtp_tree.c:fn(ibtp_tree_insert):93 | "IK:{100;Fzbvx...}"
"TRC" tm(18:30:16) D:\workspace\Visual_Studio_workspace\Net\Sub.IBTP\src\ibtp_tree.c:fn(Insert):497 | "Updated RN[seq.num.{2};k.c.{26};bytes:{2796:4096}]"
"TRC" tm(18:30:16) D:\workspace\Visual_Studio_workspace\Net\Sub.IBTP\src\ibtp_tree.c:fn(ibtp_tree_insert):93 | "IK:{100;sxTPh...}"
"TRC" tm(18:30:16) D:\workspace\Visual_Studio_workspace\Net\Sub.IBTP\src\ibtp_tree.c:fn(Insert):497 | "Updated RN[seq.num.{3};k.c.{27};bytes:{2910:4096}]"
"TRC" tm(18:30:16) D:\workspace\Visual_Studio_workspace\Net\Sub.IBTP\src\ibtp_tree.c:fn(ibtp_tree_insert):93 | "IK:{100;lS8Dh...}"
"TRC" tm(18:30:16) D:\workspace\Visual_Studio_workspace\Net\Sub.IBTP\src\ibtp_tree.c:fn(Insert):497 | "Updated RN[seq.num.{1};k.c.{28};bytes:{3024:4096}]"
"TRC" tm(18:30:16) D:\workspace\Visual_Studio_workspace\Net\Sub.IBTP\src\ibtp_tree.c:fn(ibtp_tree_insert):93 | "IK:{100;dWvn1...}"
"TRC" tm(18:30:16) D:\workspace\Visual_Studio_workspace\Net\Sub.IBTP\src\ibtp_tree.c:fn(Insert):497 | "Updated RN[seq.num.{4};k.c.{29};bytes:{3138:4096}]"
"TRC" tm(18:30:16) D:\workspace\Visual_Studio_workspace\Net\Sub.IBTP\src\ibtp_tree.c:fn(ibtp_tree_insert):93 | "IK:{100;y3G9X...}"
"TRC" tm(18:30:16) D:\workspace\Visual_Studio_workspace\Net\Sub.IBTP\src\ibtp_tree.c:fn(Insert):497 | "Updated RN[seq.num.{2};k.c.{30};bytes:{3252:4096}]"
"TRC" tm(18:30:16) D:\workspace\Visual_Studio_workspace\Net\Sub.IBTP\src\ibtp_tree.c:fn(ibtp_tree_insert):93 | "IK:{100;funf6...}"
"TRC" tm(18:30:16) D:\workspace\Visual_Studio_workspace\Net\Sub.IBTP\src\ibtp_tree.c:fn(Insert):497 | "Updated RN[seq.num.{3};k.c.{31};bytes:{3366:4096}]"
"TRC" tm(18:30:16) D:\workspace\Visual_Studio_workspace\Net\Sub.IBTP\src\ibtp_tree.c:fn(ibtp_tree_insert):93 | "IK:{100;W8I3Q...}"
"TRC" tm(18:30:16) D:\workspace\Visual_Studio_workspace\Net\Sub.IBTP\src\ibtp_tree.c:fn(Insert):497 | "Updated RN[seq.num.{1};k.c.{32};bytes:{3480:4096}]"
"TRC" tm(18:30:16) D:\workspace\Visual_Studio_workspace\Net\Sub.IBTP\src\ibtp_tree.c:fn(ibtp_tree_insert):93 | "IK:{100;CoW4B...}"
"TRC" tm(18:30:16) D:\workspace\Visual_Studio_workspace\Net\Sub.IBTP\src\ibtp_tree.c:fn(Insert):497 | "Updated RN[seq.num.{4};k.c.{33};bytes:{3594:4096}]"
"TRC" tm(18:30:16) D:\workspace\Visual_Studio_workspace\Net\Sub.IBTP\src\ibtp_tree.c:fn(ibtp_tree_insert):93 | "IK:{100;U03hl...}"
"TRC" tm(18:30:16) D:\workspace\Visual_Studio_workspace\Net\Sub.IBTP\src\ibtp_tree.c:fn(Insert):497 | "Updated RN[seq.num.{2};k.c.{34};bytes:{3708:4096}]"
"TRC" tm(18:30:16) D:\workspace\Visual_Studio_workspace\Net\Sub.IBTP\src\ibtp_tree.c:fn(ibtp_tree_insert):93 | "IK:{100;2LZfV...}"
"TRC" tm(18:30:16) D:\workspace\Visual_Studio_workspace\Net\Sub.IBTP\src\ibtp_tree.c:fn(Insert):497 | "Updated RN[seq.num.{3};k.c.{35};bytes:{3822:4096}]"
"TRC" tm(18:30:16) D:\workspace\Visual_Studio_workspace\Net\Sub.IBTP\src\ibtp_tree.c:fn(ibtp_tree_insert):93 | "IK:{100;T9UYo...}"
"TRC" tm(18:30:16) D:\workspace\Visual_Studio_workspace\Net\Sub.IBTP\src\ibtp_tree.c:fn(Insert):497 | "Updated RN[seq.num.{1};k.c.{36};bytes:{3936:4096}]"
"TRC" tm(18:30:16) D:\workspace\Visual_Studio_workspace\Net\Sub.IBTP\src\ibtp_tree.c:fn(ibtp_tree_insert):93 | "IK:{100;RJpnH...}"
"TRC" tm(18:30:16) D:\workspace\Visual_Studio_workspace\Net\Sub.IBTP\src\ibtp_tree.c:fn(Insert):497 | "Updated RN[seq.num.{4};k.c.{37};bytes:{4050:4096}]"
"TRC" tm(18:30:16) D:\workspace\Visual_Studio_workspace\Net\Sub.IBTP\src\ibtp_tree.c:fn(ibtp_tree_insert):93 | "IK:{100;voGhD...}"
"TRC" tm(18:30:16) D:\workspace\Visual_Studio_workspace\Net\Sub.IBTP\src\ibtp_tree.c:fn(ibtp_node_split_3):210 | "OVERFLOW: split on 2 parts"
"TRC" tm(18:30:16) D:\workspace\Visual_Studio_workspace\Net\Sub.IBTP\src\ibtp_tree.c:fn(Insert):464 | "Spliting RN on 2 parts..."
"TRC" tm(18:30:16) D:\workspace\Visual_Studio_workspace\Net\Sub.IBTP\src\ibtp_tree.c:fn(Insert):479 | "New child of root node[seq.num.{2};k.c.{20};bytes:{2184:4096};f.k.{}]"
"TRC" tm(18:30:16) D:\workspace\Visual_Studio_workspace\Net\Sub.IBTP\src\ibtp_tree.c:fn(Insert):479 | "New child of root node[seq.num.{1};k.c.{18};bytes:{1984:4096};f.k.{bihnN...}]"
"TRC" tm(18:30:16) D:\workspace\Visual_Studio_workspace\Net\Sub.IBTP\src\ibtp_tree.c:fn(Insert):487 | "Updated RN[seq.num.{5};k.c.{2};bytes:{132:4096}]"
"TRC" tm(18:30:16) D:\workspace\Visual_Studio_workspace\Net\Sub.IBTP\src\ibtp_tree.c:fn(ibtp_tree_insert):93 | "IK:{100;dJQkh...}"
"TRC" tm(18:30:16) D:\workspace\Visual_Studio_workspace\Net\Sub.IBTP\src\ibtp_tree.c:fn(Insert):497 | "Updated RN[seq.num.{4};k.c.{2};bytes:{132:4096}]"
"TRC" tm(18:30:16) D:\workspace\Visual_Studio_workspace\Net\Sub.IBTP\src\ibtp_tree.c:fn(ibtp_tree_insert):93 | "IK:{100;tf7LO...}"
"TRC" tm(18:30:16) D:\workspace\Visual_Studio_workspace\Net\Sub.IBTP\src\ibtp_tree.c:fn(Insert):497 | "Updated RN[seq.num.{1};k.c.{2};bytes:{132:4096}]"
"TRC" tm(18:30:16) D:\workspace\Visual_Studio_workspace\Net\Sub.IBTP\src\ibtp_tree.c:fn(ibtp_tree_insert):93 | "IK:{100;weWbg...}"
"TRC" tm(18:30:16) D:\workspace\Visual_Studio_workspace\Net\Sub.IBTP\src\ibtp_tree.c:fn(Insert):497 | "Updated RN[seq.num.{3};k.c.{2};bytes:{132:4096}]"
"TRC" tm(18:30:16) D:\workspace\Visual_Studio_workspace\Net\Sub.IBTP\src\ibtp_tree.c:fn(ibtp_tree_insert):93 | "IK:{100;W3Xro...}"
"TRC" tm(18:30:16) D:\workspace\Visual_Studio_workspace\Net\Sub.IBTP\src\ibtp_tree.c:fn(Insert):497 | "Updated RN[seq.num.{6};k.c.{2};bytes:{132:4096}]"
"TRC" tm(18:30:16) D:\workspace\Visual_Studio_workspace\Net\Sub.IBTP\src\ibtp_tree.c:fn(ibtp_tree_insert):93 | "IK:{100;fzuSx...}"
"TRC" tm(18:30:16) D:\workspace\Visual_Studio_workspace\Net\Sub.IBTP\src\ibtp_tree.c:fn(Insert):497 | "Updated RN[seq.num.{2};k.c.{2};bytes:{132:4096}]"
"TRC" tm(18:30:16) D:\workspace\Visual_Studio_workspace\Net\Sub.IBTP\src\ibtp_tree.c:fn(ibtp_tree_insert):93 | "IK:{100;F9Twl...}"
"TRC" tm(18:30:16) D:\workspace\Visual_Studio_workspace\Net\Sub.IBTP\src\ibtp_tree.c:fn(Insert):497 | "Updated RN[seq.num.{7};k.c.{2};bytes:{132:4096}]"
"TRC" tm(18:30:16) D:\workspace\Visual_Studio_workspace\Net\Sub.IBTP\src\ibtp_tree.c:fn(ibtp_tree_insert):93 | "IK:{100;F8m2p...}"
"TRC" tm(18:30:16) D:\workspace\Visual_Studio_workspace\Net\Sub.IBTP\src\ibtp_tree.c:fn(Insert):497 | "Updated RN[seq.num.{5};k.c.{2};bytes:{132:4096}]"
"TRC" tm(18:30:16) D:\workspace\Visual_Studio_workspace\Net\Sub.IBTP\src\ibtp_tree.c:fn(ibtp_tree_insert):93 | "IK:{100;vdluJ...}"
"TRC" tm(18:30:16) D:\workspace\Visual_Studio_workspace\Net\Sub.IBTP\src\ibtp_tree.c:fn(Insert):497 | "Updated RN[seq.num.{1};k.c.{2};bytes:{132:4096}]"
"TRC" tm(18:30:16) D:\workspace\Visual_Studio_workspace\Net\Sub.IBTP\src\ibtp_tree.c:fn(ibtp_tree_insert):93 | "IK:{100;hnsVO...}"
"TRC" tm(18:30:16) D:\workspace\Visual_Studio_workspace\Net\Sub.IBTP\src\ibtp_tree.c:fn(Insert):497 | "Updated RN[seq.num.{4};k.c.{2};bytes:{132:4096}]"
"TRC" tm(18:30:16) D:\workspace\Visual_Studio_workspace\Net\Sub.IBTP\src\ibtp_tree.c:fn(ibtp_tree_insert):93 | "IK:{100;04IS8...}"
"TRC" tm(18:30:16) D:\workspace\Visual_Studio_workspace\Net\Sub.IBTP\src\ibtp_tree.c:fn(Insert):497 | "Updated RN[seq.num.{6};k.c.{2};bytes:{132:4096}]"
"TRC" tm(18:30:16) D:\workspace\Visual_Studio_workspace\Net\Sub.IBTP\src\ibtp_tree.c:fn(ibtp_tree_insert):93 | "IK:{100;D1MdL...}"
"TRC" tm(18:30:16) D:\workspace\Visual_Studio_workspace\Net\Sub.IBTP\src\ibtp_tree.c:fn(Insert):497 | "Updated RN[seq.num.{3};k.c.{2};bytes:{132:4096}]"
"TRC" tm(18:30:16) D:\workspace\Visual_Studio_workspace\Net\Sub.IBTP\src\ibtp_tree.c:fn(ibtp_tree_insert):93 | "IK:{100;3sPQx...}"
"TRC" tm(18:30:16) D:\workspace\Visual_Studio_workspace\Net\Sub.IBTP\src\ibtp_tree.c:fn(Insert):497 | "Updated RN[seq.num.{7};k.c.{2};bytes:{132:4096}]"
"TRC" tm(18:30:16) D:\workspace\Visual_Studio_workspace\Net\Sub.IBTP\src\ibtp_tree.c:fn(ibtp_tree_insert):93 | "IK:{100;4czFi...}"
"TRC" tm(18:30:16) D:\workspace\Visual_Studio_workspace\Net\Sub.IBTP\src\ibtp_tree.c:fn(Insert):497 | "Updated RN[seq.num.{5};k.c.{2};bytes:{132:4096}]"
"TRC" tm(18:30:16) D:\workspace\Visual_Studio_workspace\Net\Sub.IBTP\src\ibtp_tree.c:fn(ibtp_tree_insert):93 | "IK:{100;4EBxx...}"
"TRC" tm(18:30:16) D:\workspace\Visual_Studio_workspace\Net\Sub.IBTP\src\ibtp_tree.c:fn(Insert):497 | "Updated RN[seq.num.{1};k.c.{2};bytes:{132:4096}]"
"TRC" tm(18:30:16) D:\workspace\Visual_Studio_workspace\Net\Sub.IBTP\src\ibtp_tree.c:fn(ibtp_tree_insert):93 | "IK:{100;mX9nN...}"
"TRC" tm(18:30:16) D:\workspace\Visual_Studio_workspace\Net\Sub.IBTP\src\ibtp_tree.c:fn(Insert):497 | "Updated RN[seq.num.{4};k.c.{2};bytes:{132:4096}]"
"TRC" tm(18:30:16) D:\workspace\Visual_Studio_workspace\Net\Sub.IBTP\src\ibtp_tree.c:fn(ibtp_tree_insert):93 | "IK:{100;BEdBN...}"
"TRC" tm(18:30:16) D:\workspace\Visual_Studio_workspace\Net\Sub.IBTP\src\ibtp_tree.c:fn(Insert):497 | "Updated RN[seq.num.{2};k.c.{2};bytes:{132:4096}]"
"TRC" tm(18:30:16) D:\workspace\Visual_Studio_workspace\Net\Sub.IBTP\src\ibtp_tree.c:fn(ibtp_tree_insert):93 | "IK:{100;T0YyM...}"
"TRC" tm(18:30:16) D:\workspace\Visual_Studio_workspace\Net\Sub.IBTP\src\ibtp_tree.c:fn(Insert):497 | "Updated RN[seq.num.{6};k.c.{2};bytes:{132:4096}]"
"TRC" tm(18:30:16) D:\workspace\Visual_Studio_workspace\Net\Sub.IBTP\src\ibtp_tree.c:fn(ibtp_tree_insert):93 | "IK:{100;CTR1R...}"
"TRC" tm(18:30:16) D:\workspace\Visual_Studio_workspace\Net\Sub.IBTP\src\ibtp_tree.c:fn(Insert):497 | "Updated RN[seq.num.{7};k.c.{2};bytes:{132:4096}]"
"TRC" tm(18:30:16) D:\workspace\Visual_Studio_workspace\Net\Sub.IBTP\src\ibtp_tree.c:fn(ibtp_tree_insert):93 | "IK:{100;mDTNT...}"
"TRC" tm(18:30:16) D:\workspace\Visual_Studio_workspace\Net\Sub.IBTP\src\ibtp_tree.c:fn(Insert):497 | "Updated RN[seq.num.{5};k.c.{2};bytes:{132:4096}]"
"TRC" tm(18:30:16) D:\workspace\Visual_Studio_workspace\Net\Sub.IBTP\src\ibtp_tree.c:fn(ibtp_tree_insert):93 | "IK:{100;PVS1Z...}"
"TRC" tm(18:30:16) D:\workspace\Visual_Studio_workspace\Net\Sub.IBTP\src\ibtp_tree.c:fn(Insert):497 | "Updated RN[seq.num.{3};k.c.{2};bytes:{132:4096}]"
"TRC" tm(18:30:16) D:\workspace\Visual_Studio_workspace\Net\Sub.IBTP\src\ibtp_tree.c:fn(ibtp_tree_insert):93 | "IK:{100;2YMJA...}"
"TRC" tm(18:30:16) D:\workspace\Visual_Studio_workspace\Net\Sub.IBTP\src\ibtp_tree.c:fn(Insert):497 | "Updated RN[seq.num.{1};k.c.{2};bytes:{132:4096}]"
"TRC" tm(18:30:16) D:\workspace\Visual_Studio_workspace\Net\Sub.IBTP\src\ibtp_tree.c:fn(ibtp_tree_insert):93 | "IK:{100;cUXH7...}"
"TRC" tm(18:30:16) D:\workspace\Visual_Studio_workspace\Net\Sub.IBTP\src\ibtp_tree.c:fn(Insert):497 | "Updated RN[seq.num.{2};k.c.{2};bytes:{132:4096}]"
"TRC" tm(18:30:16) D:\workspace\Visual_Studio_workspace\Net\Sub.IBTP\src\ibtp_tree.c:fn(ibtp_tree_insert):93 | "IK:{100;JLz5Z...}"
"TRC" tm(18:30:16) D:\workspace\Visual_Studio_workspace\Net\Sub.IBTP\src\ibtp_tree.c:fn(Insert):497 | "Updated RN[seq.num.{4};k.c.{2};bytes:{132:4096}]"
"TRC" tm(18:30:16) D:\workspace\Visual_Studio_workspace\Net\Sub.IBTP\src\ibtp_tree.c:fn(ibtp_tree_insert):93 | "IK:{100;u8Dok...}"
"TRC" tm(18:30:16) D:\workspace\Visual_Studio_workspace\Net\Sub.IBTP\src\ibtp_tree.c:fn(Insert):497 | "Updated RN[seq.num.{6};k.c.{2};bytes:{132:4096}]"
"TRC" tm(18:33:18) D:\workspace\Visual_Studio_workspace\Net\Sub.IBTP\src\ibtp_tree.c:fn(ibtp_tree_insert):93 | "IK:{100;fu7oD...}"
"TRC" tm(18:33:18) D:\workspace\Visual_Studio_workspace\Net\Sub.IBTP\src\ibtp_tree.c:fn(Insert):497 | "Updated RN[seq.num.{7};k.c.{2};bytes:{132:4096}]"
"TRC" tm(18:33:18) D:\workspace\Visual_Studio_workspace\Net\Sub.IBTP\src\ibtp_tree.c:fn(ibtp_tree_insert):93 | "IK:{100;pPD3a...}"
"TRC" tm(18:33:18) D:\workspace\Visual_Studio_workspace\Net\Sub.IBTP\src\ibtp_tree.c:fn(Insert):497 | "Updated RN[seq.num.{3};k.c.{2};bytes:{132:4096}]"
"TRC" tm(18:33:18) D:\workspace\Visual_Studio_workspace\Net\Sub.IBTP\src\ibtp_tree.c:fn(ibtp_tree_insert):93 | "IK:{100;1r4T8...}"
"TRC" tm(18:33:18) D:\workspace\Visual_Studio_workspace\Net\Sub.IBTP\src\ibtp_tree.c:fn(Insert):497 | "Updated RN[seq.num.{1};k.c.{2};bytes:{132:4096}]"
"TRC" tm(18:33:18) D:\workspace\Visual_Studio_workspace\Net\Sub.IBTP\src\ibtp_tree.c:fn(ibtp_tree_insert):93 | "IK:{100;4Qo9g...}"
"TRC" tm(18:33:18) D:\workspace\Visual_Studio_workspace\Net\Sub.IBTP\src\ibtp_tree.c:fn(Insert):497 | "Updated RN[seq.num.{5};k.c.{2};bytes:{132:4096}]"
"TRC" tm(18:33:18) D:\workspace\Visual_Studio_workspace\Net\Sub.IBTP\src\ibtp_tree.c:fn(ibtp_tree_insert):93 | "IK:{100;uGZLB...}"
"TRC" tm(18:33:18) D:\workspace\Visual_Studio_workspace\Net\Sub.IBTP\src\ibtp_tree.c:fn(Insert):497 | "Updated RN[seq.num.{4};k.c.{2};bytes:{132:4096}]"
"TRC" tm(18:33:18) D:\workspace\Visual_Studio_workspace\Net\Sub.IBTP\src\ibtp_tree.c:fn(ibtp_tree_insert):93 | "IK:{100;pj9wh...}"
"TRC" tm(18:33:18) D:\workspace\Visual_Studio_workspace\Net\Sub.IBTP\src\ibtp_tree.c:fn(Insert):497 | "Updated RN[seq.num.{2};k.c.{2};bytes:{132:4096}]"
"TRC" tm(18:33:18) D:\workspace\Visual_Studio_workspace\Net\Sub.IBTP\src\ibtp_tree.c:fn(ibtp_tree_insert):93 | "IK:{100;Lph6p...}"
"TRC" tm(18:33:18) D:\workspace\Visual_Studio_workspace\Net\Sub.IBTP\src\ibtp_tree.c:fn(ibtp_node_split_3):210 | "OVERFLOW: split on 2 parts"
"TRC" tm(18:33:18) D:\workspace\Visual_Studio_workspace\Net\Sub.IBTP\src\ibtp_tree.c:fn(Insert):497 | "Updated RN[seq.num.{4};k.c.{3};bytes:{246:4096}]"
"TRC" tm(18:33:18) D:\workspace\Visual_Studio_workspace\Net\Sub.IBTP\src\ibtp_tree.c:fn(ibtp_tree_insert):93 | "IK:{100;NlNGJ...}"
"TRC" tm(18:33:18) D:\workspace\Visual_Studio_workspace\Net\Sub.IBTP\src\ibtp_tree.c:fn(Insert):497 | "Updated RN[seq.num.{6};k.c.{3};bytes:{246:4096}]"
"TRC" tm(18:33:18) D:\workspace\Visual_Studio_workspace\Net\Sub.IBTP\src\ibtp_tree.c:fn(ibtp_tree_insert):93 | "IK:{100;T1lvJ...}"
"TRC" tm(18:33:18) D:\workspace\Visual_Studio_workspace\Net\Sub.IBTP\src\ibtp_tree.c:fn(Insert):497 | "Updated RN[seq.num.{7};k.c.{3};bytes:{246:4096}]"
"TRC" tm(18:33:18) D:\workspace\Visual_Studio_workspace\Net\Sub.IBTP\src\ibtp_tree.c:fn(ibtp_tree_insert):93 | "IK:{100;bvkv7...}"
"TRC" tm(18:33:18) D:\workspace\Visual_Studio_workspace\Net\Sub.IBTP\src\ibtp_tree.c:fn(Insert):497 | "Updated RN[seq.num.{5};k.c.{3};bytes:{246:4096}]"
"TRC" tm(18:33:18) D:\workspace\Visual_Studio_workspace\Net\Sub.IBTP\src\ibtp_tree.c:fn(ibtp_tree_insert):93 | "IK:{100;skpRB...}"
"TRC" tm(18:33:18) D:\workspace\Visual_Studio_workspace\Net\Sub.IBTP\src\ibtp_tree.c:fn(Insert):497 | "Updated RN[seq.num.{3};k.c.{3};bytes:{246:4096}]"
"TRC" tm(18:33:18) D:\workspace\Visual_Studio_workspace\Net\Sub.IBTP\src\ibtp_tree.c:fn(ibtp_tree_insert):93 | "IK:{100;l1Pi7...}"
"TRC" tm(18:33:18) D:\workspace\Visual_Studio_workspace\Net\Sub.IBTP\src\ibtp_tree.c:fn(Insert):497 | "Updated RN[seq.num.{2};k.c.{3};bytes:{246:4096}]"
"TRC" tm(18:33:18) D:\workspace\Visual_Studio_workspace\Net\Sub.IBTP\src\ibtp_tree.c:fn(ibtp_tree_insert):93 | "IK:{100;OL6dj...}"
"TRC" tm(18:33:18) D:\workspace\Visual_Studio_workspace\Net\Sub.IBTP\src\ibtp_tree.c:fn(Insert):497 | "Updated RN[seq.num.{4};k.c.{3};bytes:{246:4096}]"
"TRC" tm(18:33:18) D:\workspace\Visual_Studio_workspace\Net\Sub.IBTP\src\ibtp_tree.c:fn(ibtp_tree_insert):93 | "IK:{100;ufEod...}"
"TRC" tm(18:33:18) D:\workspace\Visual_Studio_workspace\Net\Sub.IBTP\src\ibtp_tree.c:fn(Insert):497 | "Updated RN[seq.num.{8};k.c.{3};bytes:{246:4096}]"
"TRC" tm(18:33:18) D:\workspace\Visual_Studio_workspace\Net\Sub.IBTP\src\ibtp_tree.c:fn(ibtp_tree_insert):93 | "IK:{100;enjcj...}"
"TRC" tm(18:33:18) D:\workspace\Visual_Studio_workspace\Net\Sub.IBTP\src\ibtp_tree.c:fn(ibtp_node_split_3):210 | "OVERFLOW: split on 2 parts"
"TRC" tm(18:33:18) D:\workspace\Visual_Studio_workspace\Net\Sub.IBTP\src\ibtp_tree.c:fn(Insert):497 | "Updated RN[seq.num.{4};k.c.{4};bytes:{360:4096}]"
"TRC" tm(18:33:18) D:\workspace\Visual_Studio_workspace\Net\Sub.IBTP\src\ibtp_tree.c:fn(ibtp_tree_insert):93 | "IK:{100;HWnNk...}"
"TRC" tm(18:33:18) D:\workspace\Visual_Studio_workspace\Net\Sub.IBTP\src\ibtp_tree.c:fn(Insert):497 | "Updated RN[seq.num.{5};k.c.{4};bytes:{360:4096}]"
"TRC" tm(18:33:18) D:\workspace\Visual_Studio_workspace\Net\Sub.IBTP\src\ibtp_tree.c:fn(ibtp_tree_insert):93 | "IK:{100;5PWYO...}"
"TRC" tm(18:33:18) D:\workspace\Visual_Studio_workspace\Net\Sub.IBTP\src\ibtp_tree.c:fn(Insert):497 | "Updated RN[seq.num.{7};k.c.{4};bytes:{360:4096}]"
"TRC" tm(18:33:18) D:\workspace\Visual_Studio_workspace\Net\Sub.IBTP\src\ibtp_tree.c:fn(ibtp_tree_insert):93 | "IK:{100;A0KWV...}"
"TRC" tm(18:33:18) D:\workspace\Visual_Studio_workspace\Net\Sub.IBTP\src\ibtp_tree.c:fn(Insert):497 | "Updated RN[seq.num.{1};k.c.{4};bytes:{360:4096}]"
"TRC" tm(18:33:18) D:\workspace\Visual_Studio_workspace\Net\Sub.IBTP\src\ibtp_tree.c:fn(ibtp_tree_insert):93 | "IK:{100;8goiK...}"
"TRC" tm(18:33:18) D:\workspace\Visual_Studio_workspace\Net\Sub.IBTP\src\ibtp_tree.c:fn(Insert):497 | "Updated RN[seq.num.{9};k.c.{4};bytes:{360:4096}]"
"TRC" tm(18:33:18) D:\workspace\Visual_Studio_workspace\Net\Sub.IBTP\src\ibtp_tree.c:fn(ibtp_tree_insert):93 | "IK:{100;v53xY...}"
"TRC" tm(18:33:18) D:\workspace\Visual_Studio_workspace\Net\Sub.IBTP\src\ibtp_tree.c:fn(Insert):497 | "Updated RN[seq.num.{8};k.c.{4};bytes:{360:4096}]"
"TRC" tm(18:33:18) D:\workspace\Visual_Studio_workspace\Net\Sub.IBTP\src\ibtp_tree.c:fn(ibtp_tree_insert):93 | "IK:{100;vzFsA...}"
"TRC" tm(18:33:18) D:\workspace\Visual_Studio_workspace\Net\Sub.IBTP\src\ibtp_tree.c:fn(Insert):497 | "Updated RN[seq.num.{6};k.c.{4};bytes:{360:4096}]"
"TRC" tm(18:33:18) D:\workspace\Visual_Studio_workspace\Net\Sub.IBTP\src\ibtp_tree.c:fn(ibtp_tree_insert):93 | "IK:{100;2P4S2...}"
"TRC" tm(18:33:18) D:\workspace\Visual_Studio_workspace\Net\Sub.IBTP\src\ibtp_tree.c:fn(Insert):497 | "Updated RN[seq.num.{5};k.c.{4};bytes:{360:4096}]"
"TRC" tm(18:33:18) D:\workspace\Visual_Studio_workspace\Net\Sub.IBTP\src\ibtp_tree.c:fn(ibtp_tree_insert):93 | "IK:{100;C2HBb...}"
"TRC" tm(18:33:18) D:\workspace\Visual_Studio_workspace\Net\Sub.IBTP\src\ibtp_tree.c:fn(Insert):497 | "Updated RN[seq.num.{4};k.c.{4};bytes:{360:4096}]"
"TRC" tm(18:33:18) D:\workspace\Visual_Studio_workspace\Net\Sub.IBTP\src\ibtp_tree.c:fn(ibtp_tree_insert):93 | "IK:{100;sanJc...}"
"TRC" tm(18:33:18) D:\workspace\Visual_Studio_workspace\Net\Sub.IBTP\src\ibtp_tree.c:fn(Insert):497 | "Updated RN[seq.num.{1};k.c.{4};bytes:{360:4096}]"
"TRC" tm(18:33:18) D:\workspace\Visual_Studio_workspace\Net\Sub.IBTP\src\ibtp_tree.c:fn(ibtp_tree_insert):93 | "IK:{100;xTgWr...}"
"TRC" tm(18:33:18) D:\workspace\Visual_Studio_workspace\Net\Sub.IBTP\src\ibtp_tree.c:fn(Insert):497 | "Updated RN[seq.num.{7};k.c.{4};bytes:{360:4096}]"
"TRC" tm(18:33:18) D:\workspace\Visual_Studio_workspace\Net\Sub.IBTP\src\ibtp_tree.c:fn(ibtp_tree_insert):93 | "IK:{100;GSEko...}"
"TRC" tm(18:33:18) D:\workspace\Visual_Studio_workspace\Net\Sub.IBTP\src\ibtp_tree.c:fn(Insert):497 | "Updated RN[seq.num.{8};k.c.{4};bytes:{360:4096}]"
"TRC" tm(18:33:18) D:\workspace\Visual_Studio_workspace\Net\Sub.IBTP\src\ibtp_tree.c:fn(ibtp_tree_insert):93 | "IK:{100;hOwIW...}"
"TRC" tm(18:33:18) D:\workspace\Visual_Studio_workspace\Net\Sub.IBTP\src\ibtp_tree.c:fn(Insert):497 | "Updated RN[seq.num.{2};k.c.{4};bytes:{360:4096}]"
"TRC" tm(18:33:18) D:\workspace\Visual_Studio_workspace\Net\Sub.IBTP\src\ibtp_tree.c:fn(ibtp_tree_insert):93 | "IK:{100;VNA0e...}"
"TRC" tm(18:33:18) D:\workspace\Visual_Studio_workspace\Net\Sub.IBTP\src\ibtp_tree.c:fn(Insert):497 | "Updated RN[seq.num.{3};k.c.{4};bytes:{360:4096}]"
"TRC" tm(18:33:18) D:\workspace\Visual_Studio_workspace\Net\Sub.IBTP\src\ibtp_tree.c:fn(ibtp_tree_insert):93 | "IK:{100;MIlDl...}"
"TRC" tm(18:33:18) D:\workspace\Visual_Studio_workspace\Net\Sub.IBTP\src\ibtp_tree.c:fn(Insert):497 | "Updated RN[seq.num.{5};k.c.{4};bytes:{360:4096}]"
"TRC" tm(18:33:18) D:\workspace\Visual_Studio_workspace\Net\Sub.IBTP\src\ibtp_tree.c:fn(ibtp_tree_insert):93 | "IK:{100;JnkcC...}"
"TRC" tm(18:33:18) D:\workspace\Visual_Studio_workspace\Net\Sub.IBTP\src\ibtp_tree.c:fn(Insert):497 | "Updated RN[seq.num.{1};k.c.{4};bytes:{360:4096}]"
"TRC" tm(18:33:18) D:\workspace\Visual_Studio_workspace\Net\Sub.IBTP\src\ibtp_tree.c:fn(ibtp_tree_insert):93 | "IK:{100;NYbmz...}"
"TRC" tm(18:33:18) D:\workspace\Visual_Studio_workspace\Net\Sub.IBTP\src\ibtp_tree.c:fn(Insert):497 | "Updated RN[seq.num.{7};k.c.{4};bytes:{360:4096}]"
"TRC" tm(18:33:18) D:\workspace\Visual_Studio_workspace\Net\Sub.IBTP\src\ibtp_tree.c:fn(ibtp_tree_insert):93 | "IK:{100;7jXju...}"
"TRC" tm(18:33:18) D:\workspace\Visual_Studio_workspace\Net\Sub.IBTP\src\ibtp_tree.c:fn(Insert):497 | "Updated RN[seq.num.{8};k.c.{4};bytes:{360:4096}]"
"TRC" tm(18:33:18) D:\workspace\Visual_Studio_workspace\Net\Sub.IBTP\src\ibtp_tree.c:fn(ibtp_tree_insert):93 | "IK:{100;L5dgs...}"
"TRC" tm(18:33:18) D:\workspace\Visual_Studio_workspace\Net\Sub.IBTP\src\ibtp_tree.c:fn(Insert):497 | "Updated RN[seq.num.{9};k.c.{4};bytes:{360:4096}]"
"TRC" tm(18:33:18) D:\workspace\Visual_Studio_workspace\Net\Sub.IBTP\src\ibtp_tree.c:fn(ibtp_tree_insert):93 | "IK:{100;RGRZj...}"
"TRC" tm(18:33:18) D:\workspace\Visual_Studio_workspace\Net\Sub.IBTP\src\ibtp_tree.c:fn(Insert):497 | "Updated RN[seq.num.{2};k.c.{4};bytes:{360:4096}]"
"TRC" tm(18:33:18) D:\workspace\Visual_Studio_workspace\Net\Sub.IBTP\src\ibtp_tree.c:fn(ibtp_tree_insert):93 | "IK:{100;CyJhP...}"
"TRC" tm(18:33:18) D:\workspace\Visual_Studio_workspace\Net\Sub.IBTP\src\ibtp_tree.c:fn(Insert):497 | "Updated RN[seq.num.{5};k.c.{4};bytes:{360:4096}]"
"TRC" tm(18:33:18) D:\workspace\Visual_Studio_workspace\Net\Sub.IBTP\src\ibtp_tree.c:fn(ibtp_tree_insert):93 | "IK:{100;edu9R...}"
"TRC" tm(18:33:18) D:\workspace\Visual_Studio_workspace\Net\Sub.IBTP\src\ibtp_tree.c:fn(Insert):497 | "Updated RN[seq.num.{3};k.c.{4};bytes:{360:4096}]"
"TRC" tm(18:33:18) D:\workspace\Visual_Studio_workspace\Net\Sub.IBTP\src\ibtp_tree.c:fn(ibtp_tree_insert):93 | "IK:{100;8ctyU...}"
"TRC" tm(18:33:18) D:\workspace\Visual_Studio_workspace\Net\Sub.IBTP\src\ibtp_tree.c:fn(Insert):497 | "Updated RN[seq.num.{4};k.c.{4};bytes:{360:4096}]"
"TRC" tm(18:33:18) D:\workspace\Visual_Studio_workspace\Net\Sub.IBTP\src\ibtp_tree.c:fn(ibtp_tree_insert):93 | "IK:{100;DntE2...}"
"TRC" tm(18:33:18) D:\workspace\Visual_Studio_workspace\Net\Sub.IBTP\src\ibtp_tree.c:fn(Insert):497 | "Updated RN[seq.num.{7};k.c.{4};bytes:{360:4096}]"
"TRC" tm(18:33:18) D:\workspace\Visual_Studio_workspace\Net\Sub.IBTP\src\ibtp_tree.c:fn(ibtp_tree_insert):93 | "IK:{100;oPntQ...}"
"TRC" tm(18:33:18) D:\workspace\Visual_Studio_workspace\Net\Sub.IBTP\src\ibtp_tree.c:fn(Insert):497 | "Updated RN[seq.num.{9};k.c.{4};bytes:{360:4096}]"
"TRC" tm(18:33:18) D:\workspace\Visual_Studio_workspace\Net\Sub.IBTP\src\ibtp_tree.c:fn(ibtp_tree_insert):93 | "IK:{100;0i19g...}"
"TRC" tm(18:33:18) D:\workspace\Visual_Studio_workspace\Net\Sub.IBTP\src\ibtp_tree.c:fn(Insert):497 | "Updated RN[seq.num.{6};k.c.{4};bytes:{360:4096}]"
"TRC" tm(18:33:18) D:\workspace\Visual_Studio_workspace\Net\Sub.IBTP\src\ibtp_tree.c:fn(ibtp_tree_delete):293 | "DK:{7;licen...}"
"TRC" tm(18:33:18) D:\workspace\Visual_Studio_workspace\Net\Sub.IBTP\src\ibtp_tree.c:fn(Delete):410 | "New RN after removal[seq.num.{2}]"
"TRC" tm(18:42:28) D:\workspace\Visual_Studio_workspace\Net\Sub.IBTP\src\ibtp_tree.c:fn(ibtp_tree_insert):93 | "IK:{100;rinnu...}"
"TRC" tm(18:42:28) D:\workspace\Visual_Studio_workspace\Net\Sub.IBTP\src\ibtp_tree.c:fn(Insert):497 | "Updated RN[seq.num.{6};k.c.{4};bytes:{360:4096}]"
"TRC" tm(18:42:28) D:\workspace\Visual_Studio_workspace\Net\Sub.IBTP\src\ibtp_tree.c:fn(ibtp_tree_insert):93 | "IK:{100;lQBht...}"
"TRC" tm(18:42:28) D:\workspace\Visual_Studio_workspace\Net\Sub.IBTP\src\ibtp_tree.c:fn(Insert):497 | "Updated RN[seq.num.{5};k.c.{4};bytes:{360:4096}]"
"TRC" tm(18:42:28) D:\workspace\Visual_Studio_workspace\Net\Sub.IBTP\src\ibtp_tree.c:fn(ibtp_tree_insert):93 | "IK:{100;wiumt...}"
"TRC" tm(18:42:28) D:\workspace\Visual_Studio_workspace\Net\Sub.IBTP\src\ibtp_tree.c:fn(Insert):497 | "Updated RN[seq.num.{4};k.c.{4};bytes:{360:4096}]"
"TRC" tm(18:42:28) D:\workspace\Visual_Studio_workspace\Net\Sub.IBTP\src\ibtp_tree.c:fn(ibtp_tree_insert):93 | "IK:{100;vDaYx...}"
"TRC" tm(18:42:28) D:\workspace\Visual_Studio_workspace\Net\Sub.IBTP\src\ibtp_tree.c:fn(Insert):497 | "Updated RN[seq.num.{7};k.c.{4};bytes:{360:4096}]"
"TRC" tm(18:42:28) D:\workspace\Visual_Studio_workspace\Net\Sub.IBTP\src\ibtp_tree.c:fn(ibtp_tree_insert):93 | "IK:{100;Gka3A...}"
"TRC" tm(18:42:28) D:\workspace\Visual_Studio_workspace\Net\Sub.IBTP\src\ibtp_tree.c:fn(Insert):497 | "Updated RN[seq.num.{8};k.c.{4};bytes:{360:4096}]"
"TRC" tm(18:42:28) D:\workspace\Visual_Studio_workspace\Net\Sub.IBTP\src\ibtp_tree.c:fn(ibtp_tree_insert):93 | "IK:{100;Z86YW...}"
"TRC" tm(18:42:28) D:\workspace\Visual_Studio_workspace\Net\Sub.IBTP\src\ibtp_tree.c:fn(Insert):497 | "Updated RN[seq.num.{1};k.c.{4};bytes:{360:4096}]"
"TRC" tm(18:42:28) D:\workspace\Visual_Studio_workspace\Net\Sub.IBTP\src\ibtp_tree.c:fn(ibtp_tree_insert):93 | "IK:{100;N2vTX...}"
"TRC" tm(18:42:28) D:\workspace\Visual_Studio_workspace\Net\Sub.IBTP\src\ibtp_tree.c:fn(Insert):497 | "Updated RN[seq.num.{6};k.c.{4};bytes:{360:4096}]"
"TRC" tm(18:42:28) D:\workspace\Visual_Studio_workspace\Net\Sub.IBTP\src\ibtp_tree.c:fn(ibtp_tree_insert):93 | "IK:{100;ZPsqc...}"
"TRC" tm(18:42:28) D:\workspace\Visual_Studio_workspace\Net\Sub.IBTP\src\ibtp_tree.c:fn(Insert):497 | "Updated RN[seq.num.{5};k.c.{4};bytes:{360:4096}]"
"TRC" tm(18:42:28) D:\workspace\Visual_Studio_workspace\Net\Sub.IBTP\src\ibtp_tree.c:fn(ibtp_tree_insert):93 | "IK:{100;jIphn...}"
"TRC" tm(18:42:28) D:\workspace\Visual_Studio_workspace\Net\Sub.IBTP\src\ibtp_tree.c:fn(Insert):497 | "Updated RN[seq.num.{4};k.c.{4};bytes:{360:4096}]"
"TRC" tm(18:42:28) D:\workspace\Visual_Studio_workspace\Net\Sub.IBTP\src\ibtp_tree.c:fn(ibtp_tree_insert):93 | "IK:{100;MNP48...}"
"TRC" tm(18:42:28) D:\workspace\Visual_Studio_workspace\Net\Sub.IBTP\src\ibtp_tree.c:fn(Insert):497 | "Updated RN[seq.num.{9};k.c.{4};bytes:{360:4096}]"
"TRC" tm(18:42:28) D:\workspace\Visual_Studio_workspace\Net\Sub.IBTP\src\ibtp_tree.c:fn(ibtp_tree_insert):93 | "IK:{100;YXMIh...}"
"TRC" tm(18:42:28) D:\workspace\Visual_Studio_workspace\Net\Sub.IBTP\src\ibtp_tree.c:fn(Insert):497 | "Updated RN[seq.num.{7};k.c.{4};bytes:{360:4096}]"
"TRC" tm(18:42:28) D:\workspace\Visual_Studio_workspace\Net\Sub.IBTP\src\ibtp_tree.c:fn(ibtp_tree_insert):93 | "IK:{100;Z210P...}"
"TRC" tm(18:42:28) D:\workspace\Visual_Studio_workspace\Net\Sub.IBTP\src\ibtp_tree.c:fn(Insert):497 | "Updated RN[seq.num.{1};k.c.{4};bytes:{360:4096}]"
"TRC" tm(18:42:28) D:\workspace\Visual_Studio_workspace\Net\Sub.IBTP\src\ibtp_tree.c:fn(ibtp_tree_insert):93 | "IK:{100;xUp48...}"
"TRC" tm(18:42:28) D:\workspace\Visual_Studio_workspace\Net\Sub.IBTP\src\ibtp_tree.c:fn(Insert):497 | "Updated RN[seq.num.{6};k.c.{4};bytes:{360:4096}]"
"TRC" tm(18:42:28) D:\workspace\Visual_Studio_workspace\Net\Sub.IBTP\src\ibtp_tree.c:fn(ibtp_tree_insert):93 | "IK:{100;j6sAG...}"
"TRC" tm(18:42:28) D:\workspace\Visual_Studio_workspace\Net\Sub.IBTP\src\ibtp_tree.c:fn(Insert):497 | "Updated RN[seq.num.{2};k.c.{4};bytes:{360:4096}]"
"TRC" tm(18:42:28) D:\workspace\Visual_Studio_workspace\Net\Sub.IBTP\src\ibtp_tree.c:fn(ibtp_tree_insert):93 | "IK:{100;dwCml...}"
"TRC" tm(18:42:28) D:\workspace\Visual_Studio_workspace\Net\Sub.IBTP\src\ibtp_tree.c:fn(Insert):497 | "Updated RN[seq.num.{8};k.c.{4};bytes:{360:4096}]"
"TRC" tm(18:42:28) D:\workspace\Visual_Studio_workspace\Net\Sub.IBTP\src\ibtp_tree.c:fn(ibtp_tree_insert):93 | "IK:{100;qRDVc...}"
"TRC" tm(18:42:28) D:\workspace\Visual_Studio_workspace\Net\Sub.IBTP\src\ibtp_tree.c:fn(Insert):497 | "Updated RN[seq.num.{9};k.c.{4};bytes:{360:4096}]"
"TRC" tm(18:42:28) D:\workspace\Visual_Studio_workspace\Net\Sub.IBTP\src\ibtp_tree.c:fn(ibtp_tree_insert):93 | "IK:{100;Tj726...}"
"TRC" tm(18:42:28) D:\workspace\Visual_Studio_workspace\Net\Sub.IBTP\src\ibtp_tree.c:fn(ibtp_node_split_3):210 | "OVERFLOW: split on 2 parts"
"TRC" tm(18:42:28) D:\workspace\Visual_Studio_workspace\Net\Sub.IBTP\src\ibtp_tree.c:fn(Insert):497 | "Updated RN[seq.num.{8};k.c.{5};bytes:{474:4096}]"
"TRC" tm(18:42:28) D:\workspace\Visual_Studio_workspace\Net\Sub.IBTP\src\ibtp_tree.c:fn(ibtp_tree_insert):93 | "IK:{100;jay0G...}"
"TRC" tm(18:42:28) D:\workspace\Visual_Studio_workspace\Net\Sub.IBTP\src\ibtp_tree.c:fn(Insert):497 | "Updated RN[seq.num.{5};k.c.{5};bytes:{474:4096}]"
"TRC" tm(18:42:28) D:\workspace\Visual_Studio_workspace\Net\Sub.IBTP\src\ibtp_tree.c:fn(ibtp_tree_insert):93 | "IK:{100;pXWDB...}"
"TRC" tm(18:42:28) D:\workspace\Visual_Studio_workspace\Net\Sub.IBTP\src\ibtp_tree.c:fn(Insert):497 | "Updated RN[seq.num.{7};k.c.{5};bytes:{474:4096}]"
"TRC" tm(18:42:28) D:\workspace\Visual_Studio_workspace\Net\Sub.IBTP\src\ibtp_tree.c:fn(ibtp_tree_insert):93 | "IK:{100;sumvy...}"
"TRC" tm(18:42:28) D:\workspace\Visual_Studio_workspace\Net\Sub.IBTP\src\ibtp_tree.c:fn(Insert):497 | "Updated RN[seq.num.{1};k.c.{5};bytes:{474:4096}]"
